<?xml version="1.0" encoding="UTF-8"?>
<testsuite xmlns:xsi="http://www.w3.org/2001/XMLSchema-instance" xsi:noNamespaceSchemaLocation="https://maven.apache.org/surefire/maven-surefire-plugin/xsd/surefire-test-report-3.0.xsd" version="3.0" name="de.bkbocholt.model.UserTest" time="0.057" tests="12" errors="0" skipped="0" failures="0">
  <properties>
[...]
</properties>
  <testcase name="setPassword" classname="de.bkbocholt.model.UserTest" time="0.015"/>
  <testcase name="getPassword" classname="de.bkbocholt.model.UserTest" time="0.001"/>
  <testcase name="getFirstName" classname="de.bkbocholt.model.UserTest" time="0.001"/>
  <testcase name="setLastName" classname="de.bkbocholt.model.UserTest" time="0.001"/>
  <testcase name="getLastName" classname="de.bkbocholt.model.UserTest" time="0.001"/>
  <testcase name="setUserID" classname="de.bkbocholt.model.UserTest" time="0.001"/>
  <testcase name="getUserID" classname="de.bkbocholt.model.UserTest" time="0.0"/>
  <testcase name="getUserSystemPath" classname="de.bkbocholt.model.UserTest" time="0.001"/>
  <testcase name="seteMail" classname="de.bkbocholt.model.UserTest" time="0.0"/>
  <testcase name="setFirstName" classname="de.bkbocholt.model.UserTest" time="0.001"/>
  <testcase name="getLastUserID" classname="de.bkbocholt.model.UserTest" time="0.001"/>
  <testcase name="geteMail" classname="de.bkbocholt.model.UserTest" time="0.0"/>
</testsuite>